<?xml version="1.0" encoding="utf-8"?><testsuites name="pytest tests"><testsuite name="pytest" errors="0" failures="0" skipped="0" tests="37" time="4.390" timestamp="2026-08-02T06:39:55.146301+00:00" hostname="agent-env-95c4545a-b91e-48d5-ac66-b0c5f55d762c"><testcase classname="tests.test_lotus_erp.TestAuth" name="test_login_admin" time="0.392" /><testcase classname="tests.test_lotus_erp.TestAuth" name="test_login_bad_password" time="0.447" /><testcase classname="tests.test_lotus_erp_v2.TestRegression" name="test_dashboard_ok" time="0.845" /><testcase classname="tests.test_lotus_erp.TestAuth" name="test_register_and_me" time="0.306" /><testcase classname="tests.test_lotus_erp_v2.TestRegression" name="test_products_list" time="0.259" /><testcase classname="tests.test_lotus_erp_v2.TestRegression" name="test_parties_list" time="0.043" /><testcase classname="tests.test_lotus_erp.TestAuth" name="test_register_duplicate" time="0.349" /><testcase classname="tests.test_lotus_erp_v2.TestRegression" name="test_reports_gst" time="0.262" /><testcase classname="tests.test_lotus_erp_v2.TestRegression" name="test_reports_pnl" time="0.047" /><testcase classname="tests.test_lotus_erp.TestAuth" name="test_me_unauthorized" time="0.038" /><testcase classname="tests.test_lotus_erp.TestAuth" name="test_me_invalid_token" time="0.050" /><testcase classname="tests.test_lotus_erp.TestDashboard" name="test_dashboard" time="0.630" /><testcase classname="tests.test_lotus_erp.TestProducts" name="test_list_seeded_products" time="0.543" /><testcase classname="tests.test_lotus_erp.TestDashboard" name="test_reports_gst" time="0.055" /><testcase classname="tests.test_lotus_erp.TestProducts" name="test_categories" time="0.081" /><testcase classname="tests.test_lotus_erp.TestDashboard" name="test_reports_pnl" time="0.052" /><testcase classname="tests.test_lotus_erp.TestDashboard" name="test_reports_sales_register" time="0.089" /><testcase classname="tests.test_lotus_erp.TestProducts" name="test_create_update_delete_product" time="0.243" /><testcase classname="tests.test_lotus_erp.TestDashboard" name="test_reports_unauthorized" time="0.210" /><testcase classname="tests.test_lotus_erp.TestProducts" name="test_products_unauthorized" time="0.038" /><testcase classname="tests.test_lotus_erp.TestInvoices" name="test_create_sale_invoice_and_stock_decrement" time="0.160" /><testcase classname="tests.test_lotus_erp.TestParties" name="test_customers" time="0.088" /><testcase classname="tests.test_lotus_erp.TestParties" name="test_suppliers" time="0.086" /><testcase classname="tests.test_lotus_erp.TestInvoices" name="test_list_invoices" time="0.040" /><testcase classname="tests.test_lotus_erp.TestParties" name="test_create_party" time="0.133" /><testcase classname="tests.test_lotus_erp.TestInvoices" name="test_empty_items_rejected" time="0.039" /><testcase classname="tests.test_lotus_erp_v2.TestCustomOrders" name="test_create_list_status_flow" time="0.570" /><testcase classname="tests.test_lotus_erp_v2.TestManufacturing" name="test_create_and_stock_increment" time="0.517" /><testcase classname="tests.test_lotus_erp_v2.TestManufacturing" name="test_list" time="0.042" /><testcase classname="tests.test_lotus_erp_v2.TestDeliveries" name="test_delivery_flow_with_otp" time="0.246" /><testcase classname="tests.test_lotus_erp_v2.TestCustomOrders" name="test_get_missing" time="0.039" /><testcase classname="tests.test_lotus_erp.TestHealth" name="test_root" time="0.043" /><testcase classname="tests.test_lotus_erp.TestHealth" name="test_seed_idempotent" time="0.086" /><testcase classname="tests.test_lotus_erp_v2.TestDeliveries" name="test_list_with_filter" time="0.039" /><testcase classname="tests.test_lotus_erp_v2.TestBarcode" name="test_product_by_barcode_and_sku" time="0.367" /><testcase classname="tests.test_lotus_erp_v2.TestRolls" name="test_create_consume_reject_delete" time="0.246" /><testcase classname="tests.test_lotus_erp.TestExpenses" name="test_create_and_list_expense" time="0.138" /></testsuite></testsuites>