<?xml version="1.0" encoding="utf-8"?><testsuites name="pytest tests"><testsuite name="pytest" errors="0" failures="0" skipped="0" tests="24" time="2.969" timestamp="2026-08-02T06:14:02.733482+00:00" hostname="agent-env-95c4545a-b91e-48d5-ac66-b0c5f55d762c"><testcase classname="tests.test_lotus_erp.TestAuth" name="test_login_admin" time="0.469" /><testcase classname="tests.test_lotus_erp.TestAuth" name="test_login_bad_password" time="0.407" /><testcase classname="tests.test_lotus_erp.TestDashboard" name="test_dashboard" time="0.880" /><testcase classname="tests.test_lotus_erp.TestAuth" name="test_register_and_me" time="0.353" /><testcase classname="tests.test_lotus_erp.TestDashboard" name="test_reports_gst" time="0.265" /><testcase classname="tests.test_lotus_erp.TestDashboard" name="test_reports_pnl" time="0.084" /><testcase classname="tests.test_lotus_erp.TestAuth" name="test_register_duplicate" time="0.311" /><testcase classname="tests.test_lotus_erp.TestDashboard" name="test_reports_sales_register" time="0.267" /><testcase classname="tests.test_lotus_erp.TestDashboard" name="test_reports_unauthorized" time="0.165" /><testcase classname="tests.test_lotus_erp.TestAuth" name="test_me_unauthorized" time="0.087" /><testcase classname="tests.test_lotus_erp.TestAuth" name="test_me_invalid_token" time="0.042" /><testcase classname="tests.test_lotus_erp.TestProducts" name="test_list_seeded_products" time="0.043" /><testcase classname="tests.test_lotus_erp.TestProducts" name="test_categories" time="0.042" /><testcase classname="tests.test_lotus_erp.TestProducts" name="test_create_update_delete_product" time="0.408" /><testcase classname="tests.test_lotus_erp.TestParties" name="test_customers" time="0.439" /><testcase classname="tests.test_lotus_erp.TestParties" name="test_suppliers" time="0.045" /><testcase classname="tests.test_lotus_erp.TestParties" name="test_create_party" time="0.090" /><testcase classname="tests.test_lotus_erp.TestProducts" name="test_products_unauthorized" time="0.043" /><testcase classname="tests.test_lotus_erp.TestInvoices" name="test_create_sale_invoice_and_stock_decrement" time="0.224" /><testcase classname="tests.test_lotus_erp.TestHealth" name="test_root" time="0.056" /><testcase classname="tests.test_lotus_erp.TestHealth" name="test_seed_idempotent" time="0.054" /><testcase classname="tests.test_lotus_erp.TestExpenses" name="test_create_and_list_expense" time="0.169" /><testcase classname="tests.test_lotus_erp.TestInvoices" name="test_list_invoices" time="0.106" /><testcase classname="tests.test_lotus_erp.TestInvoices" name="test_empty_items_rejected" time="0.042" /></testsuite></testsuites>